<?xml version="1.0" encoding="UTF-8"?>
<!-- Generated by org.testng.reporters.JUnitReportReporter -->
<testsuite hostname="DESKTOP-MI2JT6S" failures="0" tests="1" name="Assignments.Task1" time="20.363" errors="0" timestamp="2025-02-28T20:59:30 IST" skipped="0">
  <testcase classname="Assignments.Task1" name="f" time="20.363"/>
</testsuite> <!-- Assignments.Task1 -->
