<?xml version="1.0" encoding="UTF-8"?>
<!-- Generated by org.testng.reporters.JUnitReportReporter -->
<testsuite hostname="DESKTOP-MI2JT6S" failures="0" tests="5" name="Feb_28.ParallelTcDemo" time="0.047" errors="0" timestamp="2025-02-28T15:09:03 IST" skipped="0">
  <testcase classname="Feb_28.ParallelTcDemo" name="A" time="0.014"/>
  <testcase classname="Feb_28.ParallelTcDemo" name="E" time="0.003"/>
  <testcase classname="Feb_28.ParallelTcDemo" name="D" time="0.002"/>
  <testcase classname="Feb_28.ParallelTcDemo" name="C" time="0.014"/>
  <testcase classname="Feb_28.ParallelTcDemo" name="B" time="0.014"/>
</testsuite> <!-- Feb_28.ParallelTcDemo -->
