<?xml version="1.0" encoding="UTF-8"?>
<!-- Generated by org.testng.reporters.JUnitReportReporter -->
<testsuite hostname="DESKTOP-MI2JT6S" failures="0" tests="1" name="Feb_28.BrowserSelect" time="6.333" errors="0" timestamp="2025-02-28T16:25:28 IST" skipped="0">
  <testcase classname="Feb_28.BrowserSelect" name="getBrowser" time="6.333"/>
</testsuite> <!-- Feb_28.BrowserSelect -->
