<?xml version="1.0" encoding="UTF-8"?>
<!-- Generated by org.testng.reporters.JUnitReportReporter -->
<testsuite hostname="DESKTOP-MI2JT6S" failures="0" tests="1" name="Feb_28.FBApp" time="4.274" errors="0" timestamp="2025-02-28T11:29:29 IST" skipped="0">
  <testcase classname="Feb_28.FBApp" name="loginTc" time="4.274"/>
</testsuite> <!-- Feb_28.FBApp -->
