<?xml version="1.0" encoding="UTF-8"?>
<!-- Generated by org.testng.reporters.JUnitReportReporter -->
<testsuite hostname="DESKTOP-MI2JT6S" failures="0" tests="1" name="Assignments.Task2" time="5.123" errors="0" timestamp="2025-03-02T22:07:02 IST" skipped="0">
  <testcase classname="Assignments.Task2" name="f" time="5.123"/>
</testsuite> <!-- Assignments.Task2 -->
