<?xml version="1.0" encoding="UTF-8"?>
<!-- Generated by org.testng.reporters.JUnitReportReporter -->
<testsuite hostname="DESKTOP-MI2JT6S" failures="0" tests="5" name="TestCases.VerifyPage1" time="28.802" errors="0" timestamp="2025-03-04T16:37:34 IST" skipped="0">
  <testcase classname="TestCases.VerifyPage1" name="verifylogin" time="6.722"/>
  <testcase classname="TestCases.VerifyPage1" name="verifylogin" time="4.539"/>
  <testcase classname="TestCases.VerifyPage1" name="verifylogin" time="5.051"/>
  <testcase classname="TestCases.VerifyPage1" name="verifylogin" time="4.640"/>
  <testcase classname="TestCases.VerifyPage1" name="verifyForgetPwd" time="7.850"/>
</testsuite> <!-- TestCases.VerifyPage1 -->
