<?xml version="1.0" encoding="UTF-8"?>
<!-- Generated by org.testng.reporters.JUnitReportReporter -->
<testsuite hostname="DESKTOP-MI2JT6S" failures="0" tests="1" name="Mar_1.FacebookApp" time="8.236" errors="0" timestamp="2025-03-01T14:26:32 IST" skipped="0">
  <testcase classname="Mar_1.FacebookApp" name="verifyForgetPwd" time="8.236"/>
</testsuite> <!-- Mar_1.FacebookApp -->
