<?xml version="1.0" encoding="UTF-8"?>
<!-- Generated by org.testng.reporters.JUnitReportReporter -->
<testsuite hostname="DESKTOP-MI2JT6S" failures="0" tests="2" name="Feb_28.Task" time="7.201" errors="0" timestamp="2025-02-28T17:13:35 IST" skipped="0">
  <testcase classname="Feb_28.Task" name="login" time="3.994"/>
  <testcase classname="Feb_28.Task" name="login" time="3.207"/>
</testsuite> <!-- Feb_28.Task -->
