<?xml version="1.0" encoding="UTF-8"?>
<!-- Generated by org.testng.reporters.JUnitReportReporter -->
<testsuite hostname="DESKTOP-MI2JT6S" failures="0" tests="3" name="Feb_28.GroupDemo" time="0.016" errors="0" timestamp="2025-02-28T14:50:30 IST" skipped="0">
  <testcase classname="Feb_28.GroupDemo" name="E" time="0.002"/>
  <testcase classname="Feb_28.GroupDemo" name="B" time="0.012"/>
  <testcase classname="Feb_28.GroupDemo" name="C" time="0.002"/>
</testsuite> <!-- Feb_28.GroupDemo -->
