<?xml version="1.0" encoding="UTF-8"?>
<!-- Generated by org.testng.reporters.JUnitReportReporter -->
<testsuite hostname="DESKTOP-KHFPL78" failures="0" tests="1" name="Feb_26.App" time="22.164" errors="0" timestamp="2025-02-26T09:39:07 PST" skipped="0">
  <testcase classname="Feb_26.App" name="WindowHandling" time="22.164"/>
</testsuite> <!-- Feb_26.App -->
