<?xml version="1.0" encoding="UTF-8"?>
<!-- Generated by org.testng.reporters.JUnitReportReporter -->
<testsuite hostname="DESKTOP-MI2JT6S" failures="0" tests="1" name="testCases.Sample" time="0.016" errors="0" timestamp="2025-03-11T15:46:56 IST" skipped="0">
  <testcase classname="testCases.Sample" name="f" time="0.016"/>
</testsuite> <!-- testCases.Sample -->
