<?xml version="1.0" encoding="UTF-8"?>
<!-- Generated by org.testng.reporters.JUnitReportReporter -->
<testsuite hostname="DESKTOP-MI2JT6S" failures="0" tests="2" name="Feb_28.DataProviderDemo" time="0.018" errors="0" timestamp="2025-02-28T16:49:31 IST" skipped="0">
  <testcase classname="Feb_28.DataProviderDemo" name="f2" time="0.004"/>
  <testcase classname="Feb_28.DataProviderDemo" name="f2" time="0.014"/>
</testsuite> <!-- Feb_28.DataProviderDemo -->
