<?xml version="1.0" encoding="UTF-8"?>
<!-- Generated by org.testng.reporters.JUnitReportReporter -->
<testsuite hostname="DESKTOP-MI2JT6S" failures="0" tests="1" name="Runner.RediffRunner" time="12.805" errors="0" timestamp="2025-03-11T16:10:25 IST" skipped="0">
  <testcase classname="Runner.RediffRunner" name="runScenario" time="12.805"/>
</testsuite> <!-- Runner.RediffRunner -->
