<?xml version="1.0" encoding="UTF-8"?>
<!-- Generated by org.testng.reporters.JUnitReportReporter -->
<testsuite hostname="DESKTOP-MI2JT6S" failures="0" tests="2" name="Feb_28.App" time="17.760" errors="0" timestamp="2025-02-28T12:54:18 IST" skipped="0">
  <testcase classname="Feb_28.App" name="loginTc" time="8.540"/>
  <testcase classname="Feb_28.App" name="accountTc" time="9.220"/>
</testsuite> <!-- Feb_28.App -->
