<?xml version="1.0" encoding="UTF-8"?>
<!-- Generated by org.testng.reporters.JUnitReportReporter -->
<testsuite hostname="DESKTOP-MI2JT6S" failures="0" tests="5" name="TestCases.VerifyPage1" time="27.366" errors="0" timestamp="2025-03-08T15:16:49 IST" skipped="0">
  <testcase classname="TestCases.VerifyPage1" name="verifylogin" time="3.972"/>
  <testcase classname="TestCases.VerifyPage1" name="verifylogin" time="3.595"/>
  <testcase classname="TestCases.VerifyPage1" name="verifylogin" time="7.721"/>
  <testcase classname="TestCases.VerifyPage1" name="verifylogin" time="4.375"/>
  <testcase classname="TestCases.VerifyPage1" name="verifyForgetPwd" time="7.703"/>
</testsuite> <!-- TestCases.VerifyPage1 -->
